<?xml version="1.0" encoding="UTF-8"?>
<!-- Generated by org.testng.reporters.JUnitReportReporter -->
<testsuite skipped="0" hostname="DESKTOP-5HEF6VE" name="GT.GT.MemberAndCallManagerTest" tests="1" failures="0" timestamp="24 Jun 2019 09:46:50 GMT" time="94.149" errors="0">
  <testcase name="verifyCallFunctionalityFromSecondaryModerator" time="94.149" classname="GT.GT.MemberAndCallManagerTest"/>
</testsuite> <!-- GT.GT.MemberAndCallManagerTest -->
