<?xml version="1.0" encoding="UTF-8"?>
<!-- Generated by org.testng.reporters.JUnitReportReporter -->
<testsuite skipped="0" hostname="DESKTOP-5HEF6VE" name="GT.GT.HomePageTest" tests="1" failures="0" timestamp="09 Jan 2019 11:09:30 GMT" time="11.057" errors="0">
  <testcase name="verifyStartDemoFunctionality" time="11.057" classname="GT.GT.HomePageTest"/>
</testsuite> <!-- GT.GT.HomePageTest -->
