<?xml version="1.0" encoding="UTF-8"?>
<!-- Generated by org.testng.reporters.JUnitReportReporter -->
<testsuite skipped="0" hostname="DESKTOP-5HEF6VE" name="GT.GT.CreateAndCallGroupTest" tests="1" failures="0" timestamp="10 Jul 2019 06:21:06 GMT" time="77.328" errors="0">
  <testcase name="verifySaveGroupWithNormalAndMuteClips" time="77.328" classname="GT.GT.CreateAndCallGroupTest"/>
</testsuite> <!-- GT.GT.CreateAndCallGroupTest -->
