<?xml version="1.0" encoding="UTF-8"?>
<!-- Generated by org.testng.reporters.JUnitReportReporter -->
<testsuite skipped="0" hostname="DESKTOP-5HEF6VE" name="GT.GT.WebGrpTalkHomePageTest" tests="1" failures="0" timestamp="08 Jul 2019 06:26:16 GMT" time="37.774" errors="0">
  <testcase name="verifyFunctionalityOfYoutubeLogoInFooterSection" time="37.774" classname="GT.GT.WebGrpTalkHomePageTest"/>
</testsuite> <!-- GT.GT.WebGrpTalkHomePageTest -->
