<?xml version="1.0" encoding="UTF-8"?>
<!-- Generated by org.testng.reporters.JUnitReportReporter -->
<testsuite skipped="0" hostname="DESKTOP-5HEF6VE" name="GT.GT.WebGrpTalkHomePageTest" tests="28" failures="0" timestamp="09 Jan 2019 07:34:59 GMT" time="259.563" errors="2">
  <testcase name="verifyHowItWorksLinkInFooterSection" time="8.502" classname="GT.GT.WebGrpTalkHomePageTest"/>
  <testcase name="verifyFunctionalityOfTwitterLogoInFooterSection" time="11.508" classname="GT.GT.WebGrpTalkHomePageTest"/>
  <testcase name="verifyVisibilityOfImgQRCodeOnWebGrpTalkPage" time="6.003" classname="GT.GT.WebGrpTalkHomePageTest"/>
  <testcase name="verifyWebLoginLinkInFooterSection" time="7.416" classname="GT.GT.WebGrpTalkHomePageTest"/>
  <testcase name="verifyHomeLinkInFooterSection" time="9.272" classname="GT.GT.WebGrpTalkHomePageTest"/>
  <testcase name="verifyGrpTalkLogoFunctionality" time="7.242" classname="GT.GT.WebGrpTalkHomePageTest">
    <error type="org.openqa.selenium.WebDriverException" message="unknown error: Element &lt;img src=&quot;/images/grptalk_logo.png&quot; alt=&quot;grptalk-logo&quot; style=&quot;width: 230px;&quot;&gt; is not clickable at point (145, 39). Other element would receive the click: &lt;div class=&quot;navbar-fixed-top orangeGradient&quot; id=&quot;homeNav&quot;&gt;...&lt;/div&gt;
  (Session info: chrome=71.0.3578.98)
  (Driver info: chromedriver=2.43.600210 (68dcf5eebde37173d4027fa8635e332711d2874a),platform=Windows NT 10.0.15063 x86_64) (WARNING: The server did not provide any stacktrace information)
Command duration or timeout: 0 milliseconds
Build info: version: &#039;3.12.0&#039;, revision: &#039;7c6e0b3&#039;, time: &#039;2018-05-08T15:15:03.216Z&#039;
System info: host: &#039;DESKTOP-5HEF6VE&#039;, ip: &#039;192.168.75.139&#039;, os.name: &#039;Windows 10&#039;, os.arch: &#039;amd64&#039;, os.version: &#039;10.0&#039;, java.version: &#039;1.8.0_171&#039;
Driver info: org.openqa.selenium.chrome.ChromeDriver
Capabilities {acceptInsecureCerts: false, acceptSslCerts: false, applicationCacheEnabled: false, browserConnectionEnabled: false, browserName: chrome, chrome: {chromedriverVersion: 2.43.600210 (68dcf5eebde371..., userDataDir: C:\Users\smsc\AppData\Local...}, cssSelectorsEnabled: true, databaseEnabled: false, goog:chromeOptions: {debuggerAddress: localhost:12563}, handlesAlerts: true, hasTouchScreen: false, javascriptEnabled: true, locationContextEnabled: true, mobileEmulationEnabled: false, nativeEvents: true, networkConnectionEnabled: false, pageLoadStrategy: normal, platform: XP, platformName: XP, rotatable: false, setWindowRect: true, takesHeapSnapshot: true, takesScreenshot: true, unexpectedAlertBehaviour: , unhandledPromptBehavior: , version: 71.0.3578.98, webStorageEnabled: true}
Session ID: 6bebf36213a2be988385c04aa2e77968">
      <![CDATA[org.openqa.selenium.WebDriverException: unknown error: Element <img src="/images/grptalk_logo.png" alt="grptalk-logo" style="width: 230px;"> is not clickable at point (145, 39). Other element would receive the click: <div class="navbar-fixed-top orangeGradient" id="homeNav">...</div>
  (Session info: chrome=71.0.3578.98)
  (Driver info: chromedriver=2.43.600210 (68dcf5eebde37173d4027fa8635e332711d2874a),platform=Windows NT 10.0.15063 x86_64) (WARNING: The server did not provide any stacktrace information)
Command duration or timeout: 0 milliseconds
Build info: version: '3.12.0', revision: '7c6e0b3', time: '2018-05-08T15:15:03.216Z'
System info: host: 'DESKTOP-5HEF6VE', ip: '192.168.75.139', os.name: 'Windows 10', os.arch: 'amd64', os.version: '10.0', java.version: '1.8.0_171'
Driver info: org.openqa.selenium.chrome.ChromeDriver
Capabilities {acceptInsecureCerts: false, acceptSslCerts: false, applicationCacheEnabled: false, browserConnectionEnabled: false, browserName: chrome, chrome: {chromedriverVersion: 2.43.600210 (68dcf5eebde371..., userDataDir: C:\Users\smsc\AppData\Local...}, cssSelectorsEnabled: true, databaseEnabled: false, goog:chromeOptions: {debuggerAddress: localhost:12563}, handlesAlerts: true, hasTouchScreen: false, javascriptEnabled: true, locationContextEnabled: true, mobileEmulationEnabled: false, nativeEvents: true, networkConnectionEnabled: false, pageLoadStrategy: normal, platform: XP, platformName: XP, rotatable: false, setWindowRect: true, takesHeapSnapshot: true, takesScreenshot: true, unexpectedAlertBehaviour: , unhandledPromptBehavior: , version: 71.0.3578.98, webStorageEnabled: true}
Session ID: 6bebf36213a2be988385c04aa2e77968
at sun.reflect.NativeConstructorAccessorImpl.newInstance0(Native Method)
at sun.reflect.NativeConstructorAccessorImpl.newInstance(Unknown Source)
at sun.reflect.DelegatingConstructorAccessorImpl.newInstance(Unknown Source)
at java.lang.reflect.Constructor.newInstance(Unknown Source)
at org.openqa.selenium.remote.ErrorHandler.createThrowable(ErrorHandler.java:214)
at org.openqa.selenium.remote.ErrorHandler.throwIfResponseFailed(ErrorHandler.java:166)
at org.openqa.selenium.remote.http.JsonHttpResponseCodec.reconstructValue(JsonHttpResponseCodec.java:40)
at org.openqa.selenium.remote.http.AbstractHttpResponseCodec.decode(AbstractHttpResponseCodec.java:80)
at org.openqa.selenium.remote.http.AbstractHttpResponseCodec.decode(AbstractHttpResponseCodec.java:44)
at org.openqa.selenium.remote.HttpCommandExecutor.execute(HttpCommandExecutor.java:158)
at org.openqa.selenium.remote.service.DriverCommandExecutor.execute(DriverCommandExecutor.java:83)
at org.openqa.selenium.remote.RemoteWebDriver.execute(RemoteWebDriver.java:543)
at org.openqa.selenium.remote.RemoteWebElement.execute(RemoteWebElement.java:276)
at org.openqa.selenium.remote.RemoteWebElement.click(RemoteWebElement.java:83)
at GT.GT.WebGrpTalkHomePage.clickGrpTalkLogo(WebGrpTalkHomePage.java:226)
at GT.GT.WebGrpTalkHomePageTest.verifyGrpTalkLogoFunctionality(WebGrpTalkHomePageTest.java:115)
at sun.reflect.NativeMethodAccessorImpl.invoke0(Native Method)
at sun.reflect.NativeMethodAccessorImpl.invoke(Unknown Source)
at sun.reflect.DelegatingMethodAccessorImpl.invoke(Unknown Source)
at java.lang.reflect.Method.invoke(Unknown Source)
at org.testng.internal.MethodInvocationHelper.invokeMethod(MethodInvocationHelper.java:124)
at org.testng.internal.Invoker.invokeMethod(Invoker.java:580)
at org.testng.internal.Invoker.invokeTestMethod(Invoker.java:716)
at org.testng.internal.Invoker.invokeTestMethods(Invoker.java:988)
at org.testng.internal.TestMethodWorker.invokeTestMethods(TestMethodWorker.java:125)
at org.testng.internal.TestMethodWorker.run(TestMethodWorker.java:109)
at org.testng.TestRunner.privateRun(TestRunner.java:648)
at org.testng.TestRunner.run(TestRunner.java:505)
at org.testng.SuiteRunner.runTest(SuiteRunner.java:455)
at org.testng.SuiteRunner.runSequentially(SuiteRunner.java:450)
at org.testng.SuiteRunner.privateRun(SuiteRunner.java:415)
at org.testng.SuiteRunner.run(SuiteRunner.java:364)
at org.testng.SuiteRunnerWorker.runSuite(SuiteRunnerWorker.java:52)
at org.testng.SuiteRunnerWorker.run(SuiteRunnerWorker.java:84)
at org.testng.TestNG.runSuitesSequentially(TestNG.java:1208)
at org.testng.TestNG.runSuitesLocally(TestNG.java:1137)
at org.testng.TestNG.runSuites(TestNG.java:1049)
at org.testng.TestNG.run(TestNG.java:1017)
at org.testng.remote.AbstractRemoteTestNG.run(AbstractRemoteTestNG.java:114)
at org.testng.remote.RemoteTestNG.initAndRun(RemoteTestNG.java:251)
at org.testng.remote.RemoteTestNG.main(RemoteTestNG.java:77)
]]>
    </error>
  </testcase> <!-- verifyGrpTalkLogoFunctionality -->
  <testcase name="verifyWebLoginFunctionality" time="7.411" classname="GT.GT.WebGrpTalkHomePageTest"/>
  <testcase name="verify_FAQ_LinkInFooterSection" time="7.534" classname="GT.GT.WebGrpTalkHomePageTest"/>
  <testcase name="verifyBlogLinkInFooterSection" time="10.746" classname="GT.GT.WebGrpTalkHomePageTest"/>
  <testcase name="verifyPricingLinkInFooterSection" time="7.964" classname="GT.GT.WebGrpTalkHomePageTest"/>
  <testcase name="verifyFunctionalityOfFacebookLogoInFooterSection" time="12.596" classname="GT.GT.WebGrpTalkHomePageTest"/>
  <testcase name="verifyContactLinkInFooterSection" time="10.640" classname="GT.GT.WebGrpTalkHomePageTest"/>
  <testcase name="verifyCustomerStoriesLinkInFooterSection" time="10.074" classname="GT.GT.WebGrpTalkHomePageTest"/>
  <testcase name="verifyPlayStoreTabFunctionality" time="7.796" classname="GT.GT.WebGrpTalkHomePageTest"/>
  <testcase name="verifyHowItWorksTabFunctionality" time="12.942" classname="GT.GT.WebGrpTalkHomePageTest">
    <error type="org.openqa.selenium.TimeoutException" message="Expected condition failed: waiting for text (&#039;How does grptalk work?&#039;) to be present in element found by By.id: bannerHeading1 (tried for 5 second(s) with 500 milliseconds interval)
Build info: version: &#039;3.12.0&#039;, revision: &#039;7c6e0b3&#039;, time: &#039;2018-05-08T15:15:03.216Z&#039;
System info: host: &#039;DESKTOP-5HEF6VE&#039;, ip: &#039;192.168.75.139&#039;, os.name: &#039;Windows 10&#039;, os.arch: &#039;amd64&#039;, os.version: &#039;10.0&#039;, java.version: &#039;1.8.0_171&#039;
Driver info: org.openqa.selenium.chrome.ChromeDriver
Capabilities {acceptInsecureCerts: false, acceptSslCerts: false, applicationCacheEnabled: false, browserConnectionEnabled: false, browserName: chrome, chrome: {chromedriverVersion: 2.43.600210 (68dcf5eebde371..., userDataDir: C:\Users\smsc\AppData\Local...}, cssSelectorsEnabled: true, databaseEnabled: false, goog:chromeOptions: {debuggerAddress: localhost:12563}, handlesAlerts: true, hasTouchScreen: false, javascriptEnabled: true, locationContextEnabled: true, mobileEmulationEnabled: false, nativeEvents: true, networkConnectionEnabled: false, pageLoadStrategy: normal, platform: XP, platformName: XP, rotatable: false, setWindowRect: true, takesHeapSnapshot: true, takesScreenshot: true, unexpectedAlertBehaviour: , unhandledPromptBehavior: , version: 71.0.3578.98, webStorageEnabled: true}
Session ID: 6bebf36213a2be988385c04aa2e77968">
      <![CDATA[org.openqa.selenium.TimeoutException: Expected condition failed: waiting for text ('How does grptalk work?') to be present in element found by By.id: bannerHeading1 (tried for 5 second(s) with 500 milliseconds interval)
Build info: version: '3.12.0', revision: '7c6e0b3', time: '2018-05-08T15:15:03.216Z'
System info: host: 'DESKTOP-5HEF6VE', ip: '192.168.75.139', os.name: 'Windows 10', os.arch: 'amd64', os.version: '10.0', java.version: '1.8.0_171'
Driver info: org.openqa.selenium.chrome.ChromeDriver
Capabilities {acceptInsecureCerts: false, acceptSslCerts: false, applicationCacheEnabled: false, browserConnectionEnabled: false, browserName: chrome, chrome: {chromedriverVersion: 2.43.600210 (68dcf5eebde371..., userDataDir: C:\Users\smsc\AppData\Local...}, cssSelectorsEnabled: true, databaseEnabled: false, goog:chromeOptions: {debuggerAddress: localhost:12563}, handlesAlerts: true, hasTouchScreen: false, javascriptEnabled: true, locationContextEnabled: true, mobileEmulationEnabled: false, nativeEvents: true, networkConnectionEnabled: false, pageLoadStrategy: normal, platform: XP, platformName: XP, rotatable: false, setWindowRect: true, takesHeapSnapshot: true, takesScreenshot: true, unexpectedAlertBehaviour: , unhandledPromptBehavior: , version: 71.0.3578.98, webStorageEnabled: true}
Session ID: 6bebf36213a2be988385c04aa2e77968
at org.openqa.selenium.support.ui.WebDriverWait.timeoutException(WebDriverWait.java:81)
at org.openqa.selenium.support.ui.FluentWait.until(FluentWait.java:271)
at GT.GT.WebGrpTalkHomePage.howItWorksTabFunctionality(WebGrpTalkHomePage.java:261)
at GT.GT.WebGrpTalkHomePageTest.verifyHowItWorksTabFunctionality(WebGrpTalkHomePageTest.java:152)
at sun.reflect.NativeMethodAccessorImpl.invoke0(Native Method)
at sun.reflect.NativeMethodAccessorImpl.invoke(Unknown Source)
at sun.reflect.DelegatingMethodAccessorImpl.invoke(Unknown Source)
at java.lang.reflect.Method.invoke(Unknown Source)
at org.testng.internal.MethodInvocationHelper.invokeMethod(MethodInvocationHelper.java:124)
at org.testng.internal.Invoker.invokeMethod(Invoker.java:580)
at org.testng.internal.Invoker.invokeTestMethod(Invoker.java:716)
at org.testng.internal.Invoker.invokeTestMethods(Invoker.java:988)
at org.testng.internal.TestMethodWorker.invokeTestMethods(TestMethodWorker.java:125)
at org.testng.internal.TestMethodWorker.run(TestMethodWorker.java:109)
at org.testng.TestRunner.privateRun(TestRunner.java:648)
at org.testng.TestRunner.run(TestRunner.java:505)
at org.testng.SuiteRunner.runTest(SuiteRunner.java:455)
at org.testng.SuiteRunner.runSequentially(SuiteRunner.java:450)
at org.testng.SuiteRunner.privateRun(SuiteRunner.java:415)
at org.testng.SuiteRunner.run(SuiteRunner.java:364)
at org.testng.SuiteRunnerWorker.runSuite(SuiteRunnerWorker.java:52)
at org.testng.SuiteRunnerWorker.run(SuiteRunnerWorker.java:84)
at org.testng.TestNG.runSuitesSequentially(TestNG.java:1208)
at org.testng.TestNG.runSuitesLocally(TestNG.java:1137)
at org.testng.TestNG.runSuites(TestNG.java:1049)
at org.testng.TestNG.run(TestNG.java:1017)
at org.testng.remote.AbstractRemoteTestNG.run(AbstractRemoteTestNG.java:114)
at org.testng.remote.RemoteTestNG.initAndRun(RemoteTestNG.java:251)
at org.testng.remote.RemoteTestNG.main(RemoteTestNG.java:77)
]]>
    </error>
  </testcase> <!-- verifyHowItWorksTabFunctionality -->
  <testcase name="verifyCustomerStoriesTabFunctionality" time="9.104" classname="GT.GT.WebGrpTalkHomePageTest"/>
  <testcase name="verifyAppStoreTabFunctionality" time="10.763" classname="GT.GT.WebGrpTalkHomePageTest"/>
  <testcase name="verifyPricingTabFunctionality" time="10.421" classname="GT.GT.WebGrpTalkHomePageTest"/>
  <testcase name="verifyFunctionalityOfYoutubeLogoInFooterSection" time="12.528" classname="GT.GT.WebGrpTalkHomePageTest"/>
  <testcase name="verifyContactSalesButtonFunctionality" time="9.456" classname="GT.GT.WebGrpTalkHomePageTest"/>
  <testcase name="verifyGrpTalkEmailAndContactDisplayedInHeaderScetion" time="4.786" classname="GT.GT.WebGrpTalkHomePageTest"/>
  <testcase name="verifyPrivacyAndDataUsageLinkInFooterSection" time="7.913" classname="GT.GT.WebGrpTalkHomePageTest"/>
  <testcase name="verifyCopyRightTextInFooterSection" time="5.862" classname="GT.GT.WebGrpTalkHomePageTest"/>
  <testcase name="verifySolutionsTabFunctionality" time="13.243" classname="GT.GT.WebGrpTalkHomePageTest"/>
  <testcase name="verifyAboutLinkInFooterSection" time="11.804" classname="GT.GT.WebGrpTalkHomePageTest"/>
  <testcase name="verifyFeaturesLinkInFooterSection" time="8.683" classname="GT.GT.WebGrpTalkHomePageTest"/>
  <testcase name="verifyFeaturesTabFunctionality" time="7.232" classname="GT.GT.WebGrpTalkHomePageTest"/>
  <testcase name="verifyTermsAndConditionsLinkInFooterSection" time="10.122" classname="GT.GT.WebGrpTalkHomePageTest"/>
</testsuite> <!-- GT.GT.WebGrpTalkHomePageTest -->
