<?xml version="1.0" encoding="UTF-8"?>
<!-- Generated by org.testng.reporters.JUnitReportReporter -->
<testsuite skipped="0" hostname="DESKTOP-U3PMRBE" name="GT.GT.ContactsPageTest" tests="5" failures="0" timestamp="2019-10-28T14:54:03 IST" time="314.932" errors="0">
  <testcase name="verifyDeleteListFromContactsPage" time="58.577" classname="GT.GT.ContactsPageTest"/>
  <testcase name="verifyCreateListFromExcelUpload" time="71.536" classname="GT.GT.ContactsPageTest"/>
  <testcase name="verifyAddContactsFromAddContactsTabOnOverlay" time="62.255" classname="GT.GT.ContactsPageTest"/>
  <testcase name="verifyAddContactsFromMobileContactsTabOnOverlay" time="63.225" classname="GT.GT.ContactsPageTest"/>
  <testcase name="verifyCreateListFromContactsPageUsingPlusSymbol" time="59.339" classname="GT.GT.ContactsPageTest"/>
</testsuite> <!-- GT.GT.ContactsPageTest -->
